Determining if the pthread_create exist failed with the following output:
Change Dir: /home/igor/Study/Programming/4SEM/Futex/CMakeFiles/CMakeTmp

Run Build Command:"/usr/bin/make" "cmTC_bf2ff/fast"
/usr/bin/make -f CMakeFiles/cmTC_bf2ff.dir/build.make CMakeFiles/cmTC_bf2ff.dir/build
make[1]: Entering directory '/home/igor/Study/Programming/4SEM/Futex/CMakeFiles/CMakeTmp'
Building C object CMakeFiles/cmTC_bf2ff.dir/CheckSymbolExists.c.o
/usr/bin/cc     -o CMakeFiles/cmTC_bf2ff.dir/CheckSymbolExists.c.o   -c /home/igor/Study/Programming/4SEM/Futex/CMakeFiles/CMakeTmp/CheckSymbolExists.c
Linking C executable cmTC_bf2ff
/usr/bin/cmake -E cmake_link_script CMakeFiles/cmTC_bf2ff.dir/link.txt --verbose=1
/usr/bin/cc       CMakeFiles/cmTC_bf2ff.dir/CheckSymbolExists.c.o  -o cmTC_bf2ff -rdynamic 
CMakeFiles/cmTC_bf2ff.dir/CheckSymbolExists.c.o: In function `main':
CheckSymbolExists.c:(.text+0x16): undefined reference to `pthread_create'
collect2: error: ld returned 1 exit status
CMakeFiles/cmTC_bf2ff.dir/build.make:97: recipe for target 'cmTC_bf2ff' failed
make[1]: Leaving directory '/home/igor/Study/Programming/4SEM/Futex/CMakeFiles/CMakeTmp'
make[1]: *** [cmTC_bf2ff] Error 1
Makefile:126: recipe for target 'cmTC_bf2ff/fast' failed
make: *** [cmTC_bf2ff/fast] Error 2

File /home/igor/Study/Programming/4SEM/Futex/CMakeFiles/CMakeTmp/CheckSymbolExists.c:
/* */
#include <pthread.h>

int main(int argc, char** argv)
{
  (void)argv;
#ifndef pthread_create
  return ((int*)(&pthread_create))[argc];
#else
  (void)argc;
  return 0;
#endif
}

Determining if the function pthread_create exists in the pthreads failed with the following output:
Change Dir: /home/igor/Study/Programming/4SEM/Futex/CMakeFiles/CMakeTmp

Run Build Command:"/usr/bin/make" "cmTC_e3c7b/fast"
/usr/bin/make -f CMakeFiles/cmTC_e3c7b.dir/build.make CMakeFiles/cmTC_e3c7b.dir/build
make[1]: Entering directory '/home/igor/Study/Programming/4SEM/Futex/CMakeFiles/CMakeTmp'
Building C object CMakeFiles/cmTC_e3c7b.dir/CheckFunctionExists.c.o
/usr/bin/cc    -DCHECK_FUNCTION_EXISTS=pthread_create   -o CMakeFiles/cmTC_e3c7b.dir/CheckFunctionExists.c.o   -c /usr/share/cmake-3.4/Modules/CheckFunctionExists.c
Linking C executable cmTC_e3c7b
/usr/bin/cmake -E cmake_link_script CMakeFiles/cmTC_e3c7b.dir/link.txt --verbose=1
/usr/bin/cc   -DCHECK_FUNCTION_EXISTS=pthread_create    CMakeFiles/cmTC_e3c7b.dir/CheckFunctionExists.c.o  -o cmTC_e3c7b -rdynamic -lpthreads 
/usr/bin/ld: cannot find -lpthreads
collect2: error: ld returned 1 exit status
CMakeFiles/cmTC_e3c7b.dir/build.make:97: recipe for target 'cmTC_e3c7b' failed
make[1]: *** [cmTC_e3c7b] Error 1
make[1]: Leaving directory '/home/igor/Study/Programming/4SEM/Futex/CMakeFiles/CMakeTmp'
Makefile:126: recipe for target 'cmTC_e3c7b/fast' failed
make: *** [cmTC_e3c7b/fast] Error 2


